<?xml version="1.0" encoding="UTF-8"?>
<Site BuildName="Win32-ninja"
	BuildStamp="20260810-1702-Experimental"
	Name="DESKTOP-19VBOPD"
	Generator="ctest-4.4.2"
	CompilerName="C:/mingw64/bin/g++.exe"
	CompilerVersion="16.2.0"
	OSName="Windows"
	Hostname="DESKTOP-19VBOPD"
	OSRelease="10.0.26200"
	OSVersion="Windows 10"
	OSPlatform="AMD64"
	Is64Bits="1"
	VendorString="GenuineIntel"
	VendorID="Intel Corporation"
	FamilyID="6"
	ModelID="14"
	ModelName=""
	ProcessorCacheSize="-1"
	NumberOfLogicalCPU="8"
	NumberOfPhysicalCPU="4"
	TotalVirtualMemory="19456"
	TotalPhysicalMemory="15984"
	LogicalProcessorsPerPhysical="2"
	ProcessorClockFrequency="2304.000000"
	>
	<Testing>
		<StartDateTime>Aug 11 04:53 SE Asia Standard Time</StartDateTime>
		<StartTestTime>1786398809</StartTestTime>
		<TestList/>
		<EndDateTime>Aug 11 04:53 SE Asia Standard Time</EndDateTime>
		<EndTestTime>1786398809</EndTestTime>
		<ElapsedMinutes>0</ElapsedMinutes>
	</Testing>
</Site>
